too many values to unpack (expected 2) 
https://www.udemy.com/course/css-complete-course-for-beginners/?couponCode=4B68844E8F7A11D503ABhttps://www.udemy.com/course/css-complete-course-for-beginners/?couponCode=4B68844E8F7A11D503AB

False True True check if not valid https://www.udemy.com/course/prokon-analysis-and-design-of-3-stories-rcc-building/?couponCode=5316896CB7C1BE332240
False True True check if not valid https://www.udemy.com/course/learn-microsoft-power-automate/?couponCode=TRY1000FREE42205
False True True check if not valid https://www.udemy.com/course/the-complete-google-docs-course/?couponCode=937274374913BD389A37
False True True check if not valid https://www.udemy.com/course/school-physics-class-12-practical-tests-and-answers/?couponCode=97B745034E570548740A
False True True check if not valid https://www.udemy.com/course/python-1000/?couponCode=JOLLYOLDFREE4U
False True True check if not valid https://www.udemy.com/course/american-petroleum-institute-api-practice-questions/?couponCode=60B52484C962E1D00F99
False True True check if not valid https://www.udemy.com/course/t-shirt-business-mini-course/?couponCode=65DA3A08AD5C653DD533
False True True check if not valid https://www.udemy.com/course/the-ultimate-css-3-bootcamp/?couponCode=CSSPRO
False True True check if not valid https://www.udemy.com/course/microsoft-onedrive-master-course/?couponCode=TRY1000FREE42205
False True True check if not valid https://www.udemy.com/course/excel-accounting-problem/?couponCode=F40D0C94789AE5E4330D
False True True check if not valid https://www.udemy.com/course/viralnomics-creating-youtube-video-ideas-that-go-viral/?couponCode=17AD591C545AC79BD0C1
False True True check if not valid https://www.udemy.com/course/trucks-cars-tesla-commercial-drivers-license-practice-tests/?couponCode=15AF13FB853A0F835E53
False True True check if not valid https://www.udemy.com/course/istq52-foundation-level-practice-test-ctfl-200-questions/?couponCode=B55FC235762EFFCABE92
False True True check if not valid https://www.udemy.com/course/canadian-nationality-canadian-citizenship-test-your-immigration-dream/?couponCode=69588ED3FE46B4EAC83E
False True True check if not valid https://www.udemy.com/course/learn-google-keep/?couponCode=TRY1000FREE42205
False True True check if not valid https://www.udemy.com/course/facebook-chat-bot-in-python/?couponCode=6FA98DC836A4B56B5EE1
False True True check if not valid https://www.udemy.com/course/digital-products-mini-course/?couponCode=0D47212A218A9FBFFD2C
False True True check if not valid https://www.udemy.com/course/install-nginx-php-mysql-ssl-wordpress-on-ubuntu/?couponCode=YOUACCEL25889
False True True check if not valid https://www.udemy.com/course/pitching-to-investors-startup-pitching-for-venture-capital-vc/?couponCode=DCEDC712EE1955DB27F6
False True True check if not valid https://www.udemy.com/course/az-900-microsoft-azure-fundamentals-latest-practice-exam-g/?couponCode=FREEAZ900
False True True check if not valid https://www.udemy.com/course/html-css-certification-course-for-beginners-e/?couponCode=9C32A75D1F92A53A0466
False True True check if not valid https://www.udemy.com/course/top-g1-drivers-license-practice-tests-ontario-canada/?couponCode=493060CE5FD6C1FB7CBC
False True True check if not valid https://www.udemy.com/course/complete-confidence-building-course-exude-confidence-now/?couponCode=D8BC6C2F9D575FA3378E
False True True check if not valid https://www.udemy.com/course/easy-way-to-learn-python-for-beginners-2021/?couponCode=FC83064358B2BF4D5264
False True True check if not valid https://www.udemy.com/course/henry-zhang-online-traffic-mini-course/?couponCode=1C32406F1FF771F8F6F9
False True True check if not valid https://www.udemy.com/course/complete-java-for-all/?couponCode=AD4B57912F1359917DE3
False True True check if not valid https://www.udemy.com/course/mastering-the-interview-b/?couponCode=APR-22
False True True check if not valid https://www.udemy.com/course/food-servsafe-manager-exams-national-restaurant-association/?couponCode=B554C6BB53623DC70912
False True True check if not valid https://www.udemy.com/course/c-complete-course-for-beginners-2022/?couponCode=59B4F2656058CED7C1B3
False True True check if not valid https://www.udemy.com/course/scrumcourse/?couponCode=APR0322
False True True check if not valid https://www.udemy.com/course/viral-content-buzz-boost-your-blog-traffic-by-500/?couponCode=EBBEF070B8540641FDEF
False True True check if not valid https://www.udemy.com/course/aws-certified-developer-associate-practice-exam-v/?couponCode=FREEAWSCDA2022
False True True check if not valid https://www.udemy.com/course/learn-to-host-multiple-domains-on-one-virtual-server/?couponCode=YOUACCEL25889
False True True check if not valid https://www.udemy.com/course/ecom-mini-course/?couponCode=AD23D3FB180F4E6E4A54
False True True check if not valid https://www.udemy.com/course/pcep-certification-python-exam-practice-tests/?couponCode=PCEP_2022_4_2
False True True check if not valid https://www.udemy.com/course/facebook-ads-2021/?couponCode=WATERTIGER3
False True True check if not valid https://www.udemy.com/course/henry-zhang-affiliate-networking-mini-course/?couponCode=9A4E9A14FEC51414EAD1
False True True check if not valid https://www.udemy.com/course/java-for-beginners-learn-all-the-basics-of-java/?couponCode=645486018046F60E42A6
False True True check if not valid https://www.udemy.com/course/adobe-audition-projects/?couponCode=TRY1000FREE42205
False True True check if not valid https://www.udemy.com/course/learn-basic-dreamweaver/?couponCode=TRY1000FREE42205
False True True check if not valid https://www.udemy.com/course/microsoft-azure-fundamentals_az900/?couponCode=511D995A5A85F3170BA8
False True True check if not valid https://www.udemy.com/course/australian-citizenship-test-certificate-the-immigration-dream/?couponCode=475AD1F590250C9EAA79
False True True check if not valid https://www.udemy.com/course/artificial-neural-networks-ann-deep-neural-practical-tests-and-answer/?couponCode=4B7BF676AEFA2E141E8E
False True True check if not valid https://www.udemy.com/course/master-cpp-byteboard/?couponCode=2669F9724BDAF74540C6
False True True check if not valid https://www.udemy.com/course/certified-nursing-assistant-cna-practice-tests-part-3/?couponCode=8AED082E035D837D5365
False True True check if not valid https://www.udemy.com/course/21-days-challenge-to-overcome-failure-find-motivation/?couponCode=THRIVEINMAY
False True True check if not valid https://www.udemy.com/course/certified-react-redux-javascript-developer-practice-tests/?couponCode=MOHNAS_REACT0
False True True check if not valid https://www.udemy.com/course/become-a-corporate-winner/?couponCode=APR2022FREE01
False True True check if not valid https://www.udemy.com/course/artificial-intelligence-video-creation-amazing-video-tools/?couponCode=CA737BD9A603FF13EB5A
False True True check if not valid https://www.udemy.com/course/henry-zhang-entrepreneurial-ideas-mini-course/?couponCode=FB24A3B50BEB51B41445
False True True check if not valid https://www.udemy.com/course/machine-learning-a-z-with-python-with-project-beginner/?couponCode=9662040BE597A08F89AA
False True True check if not valid https://www.udemy.com/course/adobe-after-effects-cc-2020/?couponCode=TRY1000FREE42205
False True True check if not valid https://www.udemy.com/course/autocad2020-basics-advancedfull-projects-civil-and-arch/?couponCode=C5B03F4AF04ED7E897A5
False True True check if not valid https://www.udemy.com/course/2021-experto-en-sql-y-oracle-muy-rapido-y-certificate-cap-i/?couponCode=FE0367BCCB0CF8691783
False True True check if not valid https://www.udemy.com/course/master-visual-studio-code-your-complete-vs-code-guide/?couponCode=937F12960B36B5457110
False True True check if not valid https://www.udemy.com/course/machine-learning-adv-support-vector-machines-svm-python/?couponCode=FJHMLV
False True True check if not valid https://www.udemy.com/course/masterclass-for-effective-time-management/?couponCode=5DAYSFREE
False True True check if not valid https://www.udemy.com/course/miller-analogies-test-mat-top-practical-questions/?couponCode=9B8AFCE43792655DFA79
False True True check if not valid https://www.udemy.com/course/financial-accounting-accounting-cycle/?couponCode=4FBD9B91523161E82662
False True True check if not valid https://www.udemy.com/course/instant-affiliate-mini-course/?couponCode=CBFB8251AA2853DED3D6
False True True check if not valid https://www.udemy.com/course/fundamentals-in-neural-networks/?couponCode=APRIL-FREE
False True True check if not valid https://www.udemy.com/course/learn-basic-audition/?couponCode=TRY1000FREE42205
False True True check if not valid https://www.udemy.com/course/learn-microsoft-office-365/?couponCode=TRY1000FREE42205
False True True check if not valid https://www.udemy.com/course/adobe-dreamweaver-cc-2020-master-course/?couponCode=TRY1000FREE42205
False True True check if not valid https://www.udemy.com/course/learn-basic-adobe-xd/?couponCode=TRY1000FREE42205
False True True check if not valid https://www.udemy.com/course/latest-mb-910-microsoft-dynamics-365-fundamentals-tests/?couponCode=MB910FREE3
False True True check if not valid https://www.udemy.com/course/fix-googles-new-not-secure-warning-with-lets-encrypt/?couponCode=YOUACCEL25889
False True True check if not valid https://www.udemy.com/course/registered-medical-assistant-rma-practice-tests/?couponCode=3A4AFDACD78CBB1AFE90
False True True check if not valid https://www.udemy.com/course/school-chemistry-class-12-practical-tests-and-answers/?couponCode=620DB9E67ACF928A43EF
False True True check if not valid https://www.udemy.com/course/learn-easy-italian/?couponCode=EA23B071F45BCF19D0BF
False True True check if not valid https://www.udemy.com/course/gmat-exam-graduate-management-admission-test-questions-and-answer/?couponCode=FE790FEB77A8832B4EE8
False True True check if not valid https://www.udemy.com/course/first-steps-into-recruitment-and-selection/?couponCode=APR-22
False True True check if not valid https://www.udemy.com/course/school-chemistry-class-11-practical-tests-and-answers/?couponCode=64FB4311999D979DABF3
False True True check if not valid https://www.udemy.com/course/database-design-development/?couponCode=DB2APR2022
False True True check if not valid https://www.udemy.com/course/amazon-affiliate-mini-course/?couponCode=1F5F32BF386EFA6543FD
False True True check if not valid https://www.udemy.com/course/henry-zhang-referral-marketing-mini-course/?couponCode=ED02573C1160678C33C8
False True True check if not valid https://www.udemy.com/course/predictive-regression-modelling-in-microsoft-excel/?couponCode=A79E5BD
False True True check if not valid https://www.udemy.com/course/css-complete-course-for-beginners/?couponCode=4B68844E8F7A11D503AB
False True True check if not valid https://www.udemy.com/course/selling-on-amazon-complete-course-fba-fbm-sponsored-ads/?couponCode=930F0329A8BDB97AC77F
False True True check if not valid https://www.udemy.com/course/power-bi-interview-questions-and-answers-c/?couponCode=POWERBIQNAVIDEOS
False True True check if not valid https://www.udemy.com/course/graph-ai-using-neural-networks-internet-of-behaviors-iob/?couponCode=DB4F0EDF264B416E730A
False True True check if not valid https://www.udemy.com/course/the-complete-google-forms-course-sending-analyzing-forms/?couponCode=EF2CBD90A480BE61F447
False True True check if not valid https://www.udemy.com/course/java-and-c-and-python-programming-in-complete-course/?couponCode=7FF82293E63939E83FA9
False True True check if not valid https://www.udemy.com/course/the-complete-introduction-to-c-programming/?couponCode=16F387911AE0760B4A7C
False True True check if not valid https://www.udemy.com/course/adobe-audition-cc-2020-master-course/?couponCode=TRY1000FREE42205
False True True check if not valid https://www.udemy.com/course/az-304-microsoft-azure-architect-design-practice-questions/?couponCode=FREEAPR2022
False True True check if not valid https://www.udemy.com/course/test-of-essential-academic-skills-teas/?couponCode=D5A5878EF7F40193FFED
False True True check if not valid https://www.udemy.com/course/quickbooks-online-2019-bookkeeping-business-easy-way/?couponCode=0D206DDC1895FC568721
False True True check if not valid https://www.udemy.com/course/webserver/?couponCode=CWSFREEABRIL022022
False True True check if not valid https://www.udemy.com/course/army-careers-armed-services-vocational-aptitude-battery-asvab-tests/?couponCode=54503971EEF95014CC4B
False True True check if not valid https://www.udemy.com/course/javascript-for-beginners-complete-course/?couponCode=39F78CB5BDE28865F85D
False True True check if not valid https://www.udemy.com/course/scholastic-aptitude-test-sat-exam-practical-questions/?couponCode=A4E1631304EEF70753BD
False True True check if not valid https://www.udemy.com/course/introduction-to-cloud-computing-on-aws-for-beginners-2022-with-aws/?couponCode=2C47121E92ECFD5B492E
False True True check if not valid https://www.udemy.com/course/learn-microsoft-edge/?couponCode=TRY1000FREE42205
False True True check if not valid https://www.udemy.com/course/the-complete-resilience-course-master-emotional-resiliency/?couponCode=B36B1453B18722AE5566
False True True check if not valid https://www.udemy.com/course/influencer-content-marketing-killer-tactics-for-2017/?couponCode=361F39085AA3AF88DE5F
False True True check if not valid https://www.udemy.com/course/selenium-in-c-sharp-taf-for-beginners-learnit/?couponCode=F4ADEAFB81F249955677
False True True check if not valid https://www.udemy.com/course/aircraft-design/?couponCode=YANEV_FREE
False True True check if not valid https://www.udemy.com/course/autodesk-structural-robot-rcc-villa-design-in-uae/?couponCode=A889A5D6D8C3CAF89D43
False True True check if not valid https://www.udemy.com/course/javascript-for-beginners-the-complete-introduction-to-js/?couponCode=D0214B049D007BE93D98
False True True check if not valid https://www.udemy.com/course/american-college-testing-act-top-practice-tests/?couponCode=0A28E70BC6BA2E5295AE
False True True check if not valid https://www.udemy.com/course/fast-video-curation-create-an-online-branded-tv-channel/?couponCode=0CA8F3A66D954D254621
False True True check if not valid https://www.udemy.com/course/learn-google-my-maps/?couponCode=TRY1000FREE42205
False True True check if not valid https://www.udemy.com/course/flask-framework-complete-course-for-beginners/?couponCode=800813F24E39361D032A
False True True check if not valid https://www.udemy.com/course/complete-sql-bootcamp-with-mysql-php-python/?couponCode=SQL2APR2022
False True True check if not valid https://www.udemy.com/course/python-for-beginners-learn/?couponCode=3C3C21B098E6CD7BBF0E
False True True check if not valid https://www.udemy.com/course/henry-zhang-facebook-marketing-mini-course/?couponCode=7A75241AEB28DFE8BF36
False True True check if not valid https://www.udemy.com/course/scrum-master-training/?couponCode=250422_FREE
False True True check if not valid https://www.udemy.com/course/massaggio-prenatale-francesca/?couponCode=359AE546E08C606A17A5
False True True check if not valid https://www.udemy.com/course/lean-six-sigma-yellow-belt-exam-practice-test-2022/?couponCode=6BC581C34A286DAC7FF2
False True True check if not valid https://www.udemy.com/course/advanced-financial-accounting/?couponCode=1865DA577A464169E2ED
False True True check if not valid https://www.udemy.com/course/pmi-scheduling-professional-pmi-sp-be-pro-planner/?couponCode=30DDF71FDCBBF3902F0C
False True True check if not valid https://www.udemy.com/course/health-sports-acsm-certified-personal-trainer-exam-practice-questions/?couponCode=41C28AFCF7C625EE3905
False True True check if not valid https://www.udemy.com/course/the-complete-microsoft-teams-course-master-microsoft-teams/?couponCode=014178347C7DC9366249
False True True check if not valid https://www.udemy.com/course/uipath-certification-rpa-developer-uiard-practice-test-2022/?couponCode=A8AE524D82E370DAD836
False True True check if not valid https://www.udemy.com/course/learn-basic-dreamweaver/?couponCode=TRY1000FREE42206
False True True check if not valid https://www.udemy.com/course/top-10-instagram-marketing-strategies-to-get-more-followers/?couponCode=F386CBA27B150A407B8C
False True True check if not valid https://www.udemy.com/course/learn-microsoft-planner-course/?couponCode=TRY1000FREE42205
False True True check if not valid https://www.udemy.com/course/az-400-designing-and-implementing-microsoft-devops-solution-c/?couponCode=FREEAPR2022
False True True check if not valid https://www.udemy.com/course/transonic-aerodynamics/?couponCode=YANEV_FREE
False True True check if not valid https://www.udemy.com/course/learn-basic-indesign/?couponCode=TRY1000FREE42205
False True True check if not valid https://www.udemy.com/course/javascript-practicals-crash-course/?couponCode=D30DC68FE2D3E3066710
False True True check if not valid https://www.udemy.com/course/gmail-productivity/?couponCode=TRY1000FREE42204
False True True check if not valid https://www.udemy.com/course/21c-oracle-sql-hands-on-training/?couponCode=JAMES-SQL-UDEMY3_4
False True True check if not valid https://www.udemy.com/course/covid19-coronavirus-epidemic-virology-practical-tests-and-answers/?couponCode=9B0F03C65E810F139B87
False True True check if not valid https://www.udemy.com/course/excel-tips-and-trick-learn-ms-excel-by-making-7-projects/?couponCode=E5D1553D2AAD576B8624
False True True check if not valid https://www.udemy.com/course/adobe-creative-cloud-master-course/?couponCode=TRY1000FREE42205
False True True check if not valid https://www.udemy.com/course/become-a-certified-node-js-javascript-developer/?couponCode=MOHNAS_NODE0
False True True check if not valid https://www.udemy.com/course/complete-video-marketing-course/?couponCode=WATERTIGER4
